---------------------------------------------------------------
[ 2018-02-08T17:05:19+08:00 ] 127.0.0.1 127.0.0.1 GET /admin/article/add.html
[ info ] tlcms.com/admin/article/add.html [运行时间：0.665038s][吞吐率：1.50req/s] [内存消耗：3,320.62kb] [文件加载：81]
[ info ] [ LANG ] D:\phpStudy\WWW\TLCMS\thinkphp\lang\zh-cn.php
[ info ] [ ROUTE ] array (
  'type' => 'module',
  'module' => 
  array (
    0 => 'admin',
    1 => 'article',
    2 => 'add',
  ),
)
[ info ] [ HEADER ] array (
  'cookie' => 'thinkphp_show_page_trace=0|0; OUTFOX_SEARCH_USER_ID_NCOO=172315712.71034667; PHPSESSID=prlv43p8h8caponphoetk3bc55',
  'accept-language' => 'zh-CN,zh;q=0.8',
  'accept-encoding' => 'gzip, deflate',
  'referer' => 'http://tlcms.com/admin/article/lst.html',
  'accept' => 'text/html,application/xhtml+xml,application/xml;q=0.9,image/webp,image/apng,*/*;q=0.8',
  'upgrade-insecure-requests' => '1',
  'user-agent' => 'Mozilla/5.0 (Windows NT 6.1; Win64; x64) AppleWebKit/537.36 (KHTML, like Gecko) Chrome/61.0.3163.100 Safari/537.36',
  'cache-control' => 'no-cache',
  'pragma' => 'no-cache',
  'connection' => 'close',
  'host' => 'tlcms.com',
)
[ info ] [ PARAM ] array (
)
[ info ] [ DB ] INIT mysql
[ info ] [ SESSION ] INIT array (
  'id' => '',
  'var_session_id' => '',
  'prefix' => 'think',
  'type' => '',
  'auto_start' => true,
  'expire' => 3600,
)
[ info ] [ RUN ] app\admin\controller\Article->add[ D:\phpStudy\WWW\TLCMS\application\admin\controller\Article.php ]
[ info ] [ VIEW ] D:\phpStudy\WWW\TLCMS\public/../application/admin\view\article\add.html [ array (
  0 => 'admin_info',
  1 => 'leftMenus',
  2 => 'rule_access',
  3 => 'nongli',
  4 => 'weather',
  5 => 'title',
  6 => 'postion',
  7 => 'categorys',
) ]
[ info ] [ LOG ] INIT File
---------------------------------------------------------------
[ 2018-02-08T17:08:33+08:00 ] 127.0.0.1 127.0.0.1 GET /admin/model/lst.html
[ info ] tlcms.com/admin/model/lst.html [运行时间：0.724042s][吞吐率：1.38req/s] [内存消耗：3,277.75kb] [文件加载：81]
[ info ] [ LANG ] D:\phpStudy\WWW\TLCMS\thinkphp\lang\zh-cn.php
[ info ] [ ROUTE ] array (
  'type' => 'module',
  'module' => 
  array (
    0 => 'admin',
    1 => 'model',
    2 => 'lst',
  ),
)
[ info ] [ HEADER ] array (
  'cookie' => 'thinkphp_show_page_trace=0|0; OUTFOX_SEARCH_USER_ID_NCOO=172315712.71034667; PHPSESSID=prlv43p8h8caponphoetk3bc55',
  'accept-language' => 'zh-CN,zh;q=0.8',
  'accept-encoding' => 'gzip, deflate',
  'referer' => 'http://tlcms.com/admin/article/add.html',
  'accept' => 'text/html,application/xhtml+xml,application/xml;q=0.9,image/webp,image/apng,*/*;q=0.8',
  'user-agent' => 'Mozilla/5.0 (Windows NT 6.1; Win64; x64) AppleWebKit/537.36 (KHTML, like Gecko) Chrome/61.0.3163.100 Safari/537.36',
  'upgrade-insecure-requests' => '1',
  'connection' => 'close',
  'host' => 'tlcms.com',
)
[ info ] [ PARAM ] array (
)
[ info ] [ DB ] INIT mysql
[ info ] [ SESSION ] INIT array (
  'id' => '',
  'var_session_id' => '',
  'prefix' => 'think',
  'type' => '',
  'auto_start' => true,
  'expire' => 3600,
)
[ info ] [ RUN ] app\admin\controller\Model->lst[ D:\phpStudy\WWW\TLCMS\application\admin\controller\Model.php ]
[ info ] [ VIEW ] D:\phpStudy\WWW\TLCMS\public/../application/admin\view\model\lst.html [ array (
  0 => 'admin_info',
  1 => 'leftMenus',
  2 => 'rule_access',
  3 => 'nongli',
  4 => 'weather',
  5 => 'title',
  6 => 'postion',
  7 => 'models',
) ]
[ info ] [ LOG ] INIT File
---------------------------------------------------------------
[ 2018-02-08T17:08:35+08:00 ] 127.0.0.1 127.0.0.1 GET /admin/model/edit/id/11.html
[ info ] tlcms.com/admin/model/edit/id/11.html [运行时间：0.633036s][吞吐率：1.58req/s] [内存消耗：3,247.29kb] [文件加载：79]
[ info ] [ LANG ] D:\phpStudy\WWW\TLCMS\thinkphp\lang\zh-cn.php
[ info ] [ ROUTE ] array (
  'type' => 'module',
  'module' => 
  array (
    0 => 'admin',
    1 => 'model',
    2 => 'edit',
  ),
)
[ info ] [ HEADER ] array (
  'cookie' => 'thinkphp_show_page_trace=0|0; thinkphp_show_page_trace=0|0; OUTFOX_SEARCH_USER_ID_NCOO=172315712.71034667; PHPSESSID=prlv43p8h8caponphoetk3bc55',
  'accept-language' => 'zh-CN,zh;q=0.8',
  'accept-encoding' => 'gzip, deflate',
  'referer' => 'http://tlcms.com/admin/model/lst.html',
  'accept' => 'text/html,application/xhtml+xml,application/xml;q=0.9,image/webp,image/apng,*/*;q=0.8',
  'user-agent' => 'Mozilla/5.0 (Windows NT 6.1; Win64; x64) AppleWebKit/537.36 (KHTML, like Gecko) Chrome/61.0.3163.100 Safari/537.36',
  'upgrade-insecure-requests' => '1',
  'connection' => 'close',
  'host' => 'tlcms.com',
)
[ info ] [ PARAM ] array (
  'id' => '11',
)
[ info ] [ DB ] INIT mysql
[ info ] [ SESSION ] INIT array (
  'id' => '',
  'var_session_id' => '',
  'prefix' => 'think',
  'type' => '',
  'auto_start' => true,
  'expire' => 3600,
)
[ info ] [ RUN ] app\admin\controller\Model->edit[ D:\phpStudy\WWW\TLCMS\application\admin\controller\Model.php ]
[ info ] [ VIEW ] D:\phpStudy\WWW\TLCMS\public/../application/admin\view\model\edit.html [ array (
  0 => 'admin_info',
  1 => 'leftMenus',
  2 => 'rule_access',
  3 => 'nongli',
  4 => 'weather',
  5 => 'title',
  6 => 'postion',
  7 => 'model',
  8 => 'fields',
) ]
[ info ] [ LOG ] INIT File
---------------------------------------------------------------
[ 2018-02-08T17:08:38+08:00 ] 127.0.0.1 127.0.0.1 GET /Admin/model_field/lst/model_id/11.html
[ info ] tlcms.com/Admin/model_field/lst/model_id/11.html [运行时间：0.671038s][吞吐率：1.49req/s] [内存消耗：3,248.31kb] [文件加载：79]
[ info ] [ LANG ] D:\phpStudy\WWW\TLCMS\thinkphp\lang\zh-cn.php
[ info ] [ ROUTE ] array (
  'type' => 'module',
  'module' => 
  array (
    0 => 'Admin',
    1 => 'model_field',
    2 => 'lst',
  ),
)
[ info ] [ HEADER ] array (
  'cookie' => 'thinkphp_show_page_trace=0|0; OUTFOX_SEARCH_USER_ID_NCOO=172315712.71034667; PHPSESSID=prlv43p8h8caponphoetk3bc55',
  'accept-language' => 'zh-CN,zh;q=0.8',
  'accept-encoding' => 'gzip, deflate',
  'referer' => 'http://tlcms.com/admin/model/edit/id/11.html',
  'accept' => 'text/html,application/xhtml+xml,application/xml;q=0.9,image/webp,image/apng,*/*;q=0.8',
  'user-agent' => 'Mozilla/5.0 (Windows NT 6.1; Win64; x64) AppleWebKit/537.36 (KHTML, like Gecko) Chrome/61.0.3163.100 Safari/537.36',
  'upgrade-insecure-requests' => '1',
  'connection' => 'close',
  'host' => 'tlcms.com',
)
[ info ] [ PARAM ] array (
  'model_id' => '11',
)
[ info ] [ DB ] INIT mysql
[ info ] [ SESSION ] INIT array (
  'id' => '',
  'var_session_id' => '',
  'prefix' => 'think',
  'type' => '',
  'auto_start' => true,
  'expire' => 3600,
)
[ info ] [ RUN ] app\admin\controller\ModelField->lst[ D:\phpStudy\WWW\TLCMS\application\admin\controller\ModelField.php ]
[ info ] [ VIEW ] D:\phpStudy\WWW\TLCMS\public/../application/admin\view\model_field\lst.html [ array (
  0 => 'admin_info',
  1 => 'leftMenus',
  2 => 'rule_access',
  3 => 'nongli',
  4 => 'weather',
  5 => 'title',
  6 => 'postion',
  7 => 'fields',
) ]
[ info ] [ LOG ] INIT File
---------------------------------------------------------------
[ 2018-02-08T17:08:41+08:00 ] 127.0.0.1 127.0.0.1 GET /admin/model_field/add/model_id/11.html
[ info ] tlcms.com/admin/model_field/add/model_id/11.html [运行时间：0.622036s][吞吐率：1.61req/s] [内存消耗：3,179.44kb] [文件加载：78]
[ info ] [ LANG ] D:\phpStudy\WWW\TLCMS\thinkphp\lang\zh-cn.php
[ info ] [ ROUTE ] array (
  'type' => 'module',
  'module' => 
  array (
    0 => 'admin',
    1 => 'model_field',
    2 => 'add',
  ),
)
[ info ] [ HEADER ] array (
  'cookie' => 'thinkphp_show_page_trace=0|0; thinkphp_show_page_trace=0|0; OUTFOX_SEARCH_USER_ID_NCOO=172315712.71034667; PHPSESSID=prlv43p8h8caponphoetk3bc55',
  'accept-language' => 'zh-CN,zh;q=0.8',
  'accept-encoding' => 'gzip, deflate',
  'referer' => 'http://tlcms.com/Admin/model_field/lst/model_id/11.html',
  'accept' => 'text/html,application/xhtml+xml,application/xml;q=0.9,image/webp,image/apng,*/*;q=0.8',
  'user-agent' => 'Mozilla/5.0 (Windows NT 6.1; Win64; x64) AppleWebKit/537.36 (KHTML, like Gecko) Chrome/61.0.3163.100 Safari/537.36',
  'upgrade-insecure-requests' => '1',
  'connection' => 'close',
  'host' => 'tlcms.com',
)
[ info ] [ PARAM ] array (
  'model_id' => '11',
)
[ info ] [ DB ] INIT mysql
[ info ] [ SESSION ] INIT array (
  'id' => '',
  'var_session_id' => '',
  'prefix' => 'think',
  'type' => '',
  'auto_start' => true,
  'expire' => 3600,
)
[ info ] [ RUN ] app\admin\controller\ModelField->add[ D:\phpStudy\WWW\TLCMS\application\admin\controller\ModelField.php ]
[ info ] [ VIEW ] D:\phpStudy\WWW\TLCMS\public/../application/admin\view\model_field\add.html [ array (
  0 => 'admin_info',
  1 => 'leftMenus',
  2 => 'rule_access',
  3 => 'nongli',
  4 => 'weather',
  5 => 'title',
  6 => 'postion',
) ]
[ info ] [ LOG ] INIT File
---------------------------------------------------------------
[ 2018-02-08T17:09:11+08:00 ] 127.0.0.1 127.0.0.1 POST /admin/model_field/add.html
[ info ] tlcms.com/admin/model_field/add.html [运行时间：0.476027s][吞吐率：2.10req/s] [内存消耗：3,134.87kb] [文件加载：79]
[ info ] [ LANG ] D:\phpStudy\WWW\TLCMS\thinkphp\lang\zh-cn.php
[ info ] [ ROUTE ] array (
  'type' => 'module',
  'module' => 
  array (
    0 => 'admin',
    1 => 'model_field',
    2 => 'add',
  ),
)
[ info ] [ HEADER ] array (
  'cookie' => 'thinkphp_show_page_trace=0|0; OUTFOX_SEARCH_USER_ID_NCOO=172315712.71034667; PHPSESSID=prlv43p8h8caponphoetk3bc55',
  'accept-language' => 'zh-CN,zh;q=0.8',
  'accept-encoding' => 'gzip, deflate',
  'referer' => 'http://tlcms.com/admin/model_field/add/model_id/11.html',
  'accept' => 'text/html,application/xhtml+xml,application/xml;q=0.9,image/webp,image/apng,*/*;q=0.8',
  'user-agent' => 'Mozilla/5.0 (Windows NT 6.1; Win64; x64) AppleWebKit/537.36 (KHTML, like Gecko) Chrome/61.0.3163.100 Safari/537.36',
  'content-type' => 'application/x-www-form-urlencoded',
  'upgrade-insecure-requests' => '1',
  'origin' => 'http://tlcms.com',
  'cache-control' => 'max-age=0',
  'content-length' => '100',
  'connection' => 'close',
  'host' => 'tlcms.com',
)
[ info ] [ PARAM ] array (
  'model_id' => '11',
  'enname' => 'doc_body1',
  'cnname' => 'dasdasdasdas',
  'formtype' => '5',
  'tips' => '',
  'values' => '男，女',
)
[ info ] [ DB ] INIT mysql
[ info ] [ SESSION ] INIT array (
  'id' => '',
  'var_session_id' => '',
  'prefix' => 'think',
  'type' => '',
  'auto_start' => true,
  'expire' => 3600,
)
[ info ] [ RUN ] app\admin\controller\ModelField->add[ D:\phpStudy\WWW\TLCMS\application\admin\controller\ModelField.php ]
[ info ] [ VIEW ] D:\phpStudy\WWW\TLCMS\thinkphp\tpl\dispatch_jump.tpl [ array (
  0 => 'admin_info',
  1 => 'leftMenus',
  2 => 'rule_access',
  3 => 'nongli',
  4 => 'weather',
  5 => 'title',
  6 => 'postion',
  7 => 'code',
  8 => 'msg',
  9 => 'data',
  10 => 'url',
  11 => 'wait',
) ]
[ info ] [ LOG ] INIT File
---------------------------------------------------------------
[ 2018-02-08T17:09:15+08:00 ] 127.0.0.1 127.0.0.1 GET /admin/model_field/lst/model_id/11.html
[ info ] tlcms.com/admin/model_field/lst/model_id/11.html [运行时间：0.628036s][吞吐率：1.59req/s] [内存消耗：3,095.20kb] [文件加载：77]
[ info ] [ LANG ] D:\phpStudy\WWW\TLCMS\thinkphp\lang\zh-cn.php
[ info ] [ ROUTE ] array (
  'type' => 'module',
  'module' => 
  array (
    0 => 'admin',
    1 => 'model_field',
    2 => 'lst',
  ),
)
[ info ] [ HEADER ] array (
  'cookie' => 'thinkphp_show_page_trace=0|0; thinkphp_show_page_trace=0|0; OUTFOX_SEARCH_USER_ID_NCOO=172315712.71034667; PHPSESSID=prlv43p8h8caponphoetk3bc55',
  'accept-language' => 'zh-CN,zh;q=0.8',
  'accept-encoding' => 'gzip, deflate',
  'referer' => 'http://tlcms.com/admin/model_field/add.html',
  'accept' => 'text/html,application/xhtml+xml,application/xml;q=0.9,image/webp,image/apng,*/*;q=0.8',
  'user-agent' => 'Mozilla/5.0 (Windows NT 6.1; Win64; x64) AppleWebKit/537.36 (KHTML, like Gecko) Chrome/61.0.3163.100 Safari/537.36',
  'upgrade-insecure-requests' => '1',
  'connection' => 'close',
  'host' => 'tlcms.com',
)
[ info ] [ PARAM ] array (
  'model_id' => '11',
)
[ info ] [ DB ] INIT mysql
[ info ] [ SESSION ] INIT array (
  'id' => '',
  'var_session_id' => '',
  'prefix' => 'think',
  'type' => '',
  'auto_start' => true,
  'expire' => 3600,
)
[ info ] [ RUN ] app\admin\controller\ModelField->lst[ D:\phpStudy\WWW\TLCMS\application\admin\controller\ModelField.php ]
[ info ] [ VIEW ] D:\phpStudy\WWW\TLCMS\public/../application/admin\view\model_field\lst.html [ array (
  0 => 'admin_info',
  1 => 'leftMenus',
  2 => 'rule_access',
  3 => 'nongli',
  4 => 'weather',
  5 => 'title',
  6 => 'postion',
  7 => 'fields',
) ]
[ info ] [ LOG ] INIT File
---------------------------------------------------------------
[ 2018-02-08T17:09:39+08:00 ] 127.0.0.1 127.0.0.1 GET /admin/model_field/edit/id/10/model_id/11.html
[ info ] tlcms.com/admin/model_field/edit/id/10/model_id/11.html [运行时间：0.603034s][吞吐率：1.66req/s] [内存消耗：3,179.41kb] [文件加载：78]
[ info ] [ LANG ] D:\phpStudy\WWW\TLCMS\thinkphp\lang\zh-cn.php
[ info ] [ ROUTE ] array (
  'type' => 'module',
  'module' => 
  array (
    0 => 'admin',
    1 => 'model_field',
    2 => 'edit',
  ),
)
[ info ] [ HEADER ] array (
  'cookie' => 'thinkphp_show_page_trace=0|0; OUTFOX_SEARCH_USER_ID_NCOO=172315712.71034667; PHPSESSID=prlv43p8h8caponphoetk3bc55',
  'accept-language' => 'zh-CN,zh;q=0.8',
  'accept-encoding' => 'gzip, deflate',
  'referer' => 'http://tlcms.com/admin/model_field/lst/model_id/11.html',
  'accept' => 'text/html,application/xhtml+xml,application/xml;q=0.9,image/webp,image/apng,*/*;q=0.8',
  'user-agent' => 'Mozilla/5.0 (Windows NT 6.1; Win64; x64) AppleWebKit/537.36 (KHTML, like Gecko) Chrome/61.0.3163.100 Safari/537.36',
  'upgrade-insecure-requests' => '1',
  'connection' => 'close',
  'host' => 'tlcms.com',
)
[ info ] [ PARAM ] array (
  'id' => '10',
  'model_id' => '11',
)
[ info ] [ DB ] INIT mysql
[ info ] [ SESSION ] INIT array (
  'id' => '',
  'var_session_id' => '',
  'prefix' => 'think',
  'type' => '',
  'auto_start' => true,
  'expire' => 3600,
)
[ info ] [ RUN ] app\admin\controller\ModelField->edit[ D:\phpStudy\WWW\TLCMS\application\admin\controller\ModelField.php ]
[ info ] [ VIEW ] D:\phpStudy\WWW\TLCMS\public/../application/admin\view\model_field\edit.html [ array (
  0 => 'admin_info',
  1 => 'leftMenus',
  2 => 'rule_access',
  3 => 'nongli',
  4 => 'weather',
  5 => 'title',
  6 => 'postion',
  7 => 'field',
) ]
[ info ] [ LOG ] INIT File
---------------------------------------------------------------
[ 2018-02-08T17:09:41+08:00 ] 127.0.0.1 127.0.0.1 POST /admin/model_field/edit.html
[ info ] tlcms.com/admin/model_field/edit.html [运行时间：0.492028s][吞吐率：2.03req/s] [内存消耗：2,945.33kb] [文件加载：71]
[ info ] [ LANG ] D:\phpStudy\WWW\TLCMS\thinkphp\lang\zh-cn.php
[ info ] [ ROUTE ] array (
  'type' => 'module',
  'module' => 
  array (
    0 => 'admin',
    1 => 'model_field',
    2 => 'edit',
  ),
)
[ info ] [ HEADER ] array (
  'cookie' => 'thinkphp_show_page_trace=0|0; OUTFOX_SEARCH_USER_ID_NCOO=172315712.71034667; PHPSESSID=prlv43p8h8caponphoetk3bc55',
  'accept-language' => 'zh-CN,zh;q=0.8',
  'accept-encoding' => 'gzip, deflate',
  'referer' => 'http://tlcms.com/admin/model_field/edit/id/10/model_id/11.html',
  'accept' => 'text/html,application/xhtml+xml,application/xml;q=0.9,image/webp,image/apng,*/*;q=0.8',
  'user-agent' => 'Mozilla/5.0 (Windows NT 6.1; Win64; x64) AppleWebKit/537.36 (KHTML, like Gecko) Chrome/61.0.3163.100 Safari/537.36',
  'content-type' => 'application/x-www-form-urlencoded',
  'upgrade-insecure-requests' => '1',
  'origin' => 'http://tlcms.com',
  'cache-control' => 'max-age=0',
  'content-length' => '106',
  'connection' => 'close',
  'host' => 'tlcms.com',
)
[ info ] [ PARAM ] array (
  'id' => '10',
  'model_id' => '11',
  'enname' => 'doc_body1',
  'cnname' => 'dasdasdasdas',
  'formtype' => '5',
  'tips' => '',
  'values' => '男，女',
)
[ info ] [ DB ] INIT mysql
[ info ] [ SESSION ] INIT array (
  'id' => '',
  'var_session_id' => '',
  'prefix' => 'think',
  'type' => '',
  'auto_start' => true,
  'expire' => 3600,
)
[ info ] [ RUN ] app\admin\controller\ModelField->edit[ D:\phpStudy\WWW\TLCMS\application\admin\controller\ModelField.php ]
[ info ] [ LOG ] INIT File
---------------------------------------------------------------
[ 2018-02-08T17:10:50+08:00 ] 127.0.0.1 127.0.0.1 GET /admin/model_field/edit/id/10/model_id/11.html
[ info ] tlcms.com/admin/model_field/edit/id/10/model_id/11.html [运行时间：0.655037s][吞吐率：1.53req/s] [内存消耗：3,033.66kb] [文件加载：76]
[ info ] [ LANG ] D:\phpStudy\WWW\TLCMS\thinkphp\lang\zh-cn.php
[ info ] [ ROUTE ] array (
  'type' => 'module',
  'module' => 
  array (
    0 => 'admin',
    1 => 'model_field',
    2 => 'edit',
  ),
)
[ info ] [ HEADER ] array (
  'cookie' => 'thinkphp_show_page_trace=0|0; thinkphp_show_page_trace=0|0; OUTFOX_SEARCH_USER_ID_NCOO=172315712.71034667; PHPSESSID=prlv43p8h8caponphoetk3bc55',
  'accept-language' => 'zh-CN,zh;q=0.8',
  'accept-encoding' => 'gzip, deflate',
  'referer' => 'http://tlcms.com/admin/model_field/lst/model_id/11.html',
  'accept' => 'text/html,application/xhtml+xml,application/xml;q=0.9,image/webp,image/apng,*/*;q=0.8',
  'upgrade-insecure-requests' => '1',
  'user-agent' => 'Mozilla/5.0 (Windows NT 6.1; Win64; x64) AppleWebKit/537.36 (KHTML, like Gecko) Chrome/61.0.3163.100 Safari/537.36',
  'connection' => 'close',
  'host' => 'tlcms.com',
)
[ info ] [ PARAM ] array (
  'id' => '10',
  'model_id' => '11',
)
[ info ] [ DB ] INIT mysql
[ info ] [ SESSION ] INIT array (
  'id' => '',
  'var_session_id' => '',
  'prefix' => 'think',
  'type' => '',
  'auto_start' => true,
  'expire' => 3600,
)
[ info ] [ RUN ] app\admin\controller\ModelField->edit[ D:\phpStudy\WWW\TLCMS\application\admin\controller\ModelField.php ]
[ info ] [ VIEW ] D:\phpStudy\WWW\TLCMS\public/../application/admin\view\model_field\edit.html [ array (
  0 => 'admin_info',
  1 => 'leftMenus',
  2 => 'rule_access',
  3 => 'nongli',
  4 => 'weather',
  5 => 'title',
  6 => 'postion',
  7 => 'field',
) ]
[ info ] [ LOG ] INIT File
---------------------------------------------------------------
[ 2018-02-08T17:10:56+08:00 ] 127.0.0.1 127.0.0.1 POST /admin/model_field/edit.html
[ info ] tlcms.com/admin/model_field/edit.html [运行时间：0.690040s][吞吐率：1.45req/s] [内存消耗：3,067.08kb] [文件加载：79]
[ info ] [ LANG ] D:\phpStudy\WWW\TLCMS\thinkphp\lang\zh-cn.php
[ info ] [ ROUTE ] array (
  'type' => 'module',
  'module' => 
  array (
    0 => 'admin',
    1 => 'model_field',
    2 => 'edit',
  ),
)
[ info ] [ HEADER ] array (
  'cookie' => 'thinkphp_show_page_trace=0|0; OUTFOX_SEARCH_USER_ID_NCOO=172315712.71034667; PHPSESSID=prlv43p8h8caponphoetk3bc55',
  'accept-language' => 'zh-CN,zh;q=0.8',
  'accept-encoding' => 'gzip, deflate',
  'referer' => 'http://tlcms.com/admin/model_field/edit/id/10/model_id/11.html',
  'accept' => 'text/html,application/xhtml+xml,application/xml;q=0.9,image/webp,image/apng,*/*;q=0.8',
  'user-agent' => 'Mozilla/5.0 (Windows NT 6.1; Win64; x64) AppleWebKit/537.36 (KHTML, like Gecko) Chrome/61.0.3163.100 Safari/537.36',
  'content-type' => 'application/x-www-form-urlencoded',
  'upgrade-insecure-requests' => '1',
  'origin' => 'http://tlcms.com',
  'cache-control' => 'max-age=0',
  'content-length' => '118',
  'connection' => 'close',
  'host' => 'tlcms.com',
)
[ info ] [ PARAM ] array (
  'id' => '10',
  'model_id' => '11',
  'enname' => 'doc_body1',
  'cnname' => 'dasdasdasdas',
  'formtype' => '5',
  'tips' => 'dasdasdasdas',
  'values' => '男，女',
)
[ info ] [ DB ] INIT mysql
[ info ] [ SESSION ] INIT array (
  'id' => '',
  'var_session_id' => '',
  'prefix' => 'think',
  'type' => '',
  'auto_start' => true,
  'expire' => 3600,
)
[ info ] [ RUN ] app\admin\controller\ModelField->edit[ D:\phpStudy\WWW\TLCMS\application\admin\controller\ModelField.php ]
[ info ] [ CACHE ] INIT File
[ info ] [ VIEW ] D:\phpStudy\WWW\TLCMS\thinkphp\tpl\dispatch_jump.tpl [ array (
  0 => 'admin_info',
  1 => 'leftMenus',
  2 => 'rule_access',
  3 => 'nongli',
  4 => 'weather',
  5 => 'title',
  6 => 'postion',
  7 => 'code',
  8 => 'msg',
  9 => 'data',
  10 => 'url',
  11 => 'wait',
) ]
[ info ] [ LOG ] INIT File
---------------------------------------------------------------
[ 2018-02-08T17:11:00+08:00 ] 127.0.0.1 127.0.0.1 GET /admin/model_field/lst/model_id/11.html
[ info ] tlcms.com/admin/model_field/lst/model_id/11.html [运行时间：0.548031s][吞吐率：1.82req/s] [内存消耗：3,094.68kb] [文件加载：77]
[ info ] [ LANG ] D:\phpStudy\WWW\TLCMS\thinkphp\lang\zh-cn.php
[ info ] [ ROUTE ] array (
  'type' => 'module',
  'module' => 
  array (
    0 => 'admin',
    1 => 'model_field',
    2 => 'lst',
  ),
)
[ info ] [ HEADER ] array (
  'cookie' => 'thinkphp_show_page_trace=0|0; thinkphp_show_page_trace=0|0; OUTFOX_SEARCH_USER_ID_NCOO=172315712.71034667; PHPSESSID=prlv43p8h8caponphoetk3bc55',
  'accept-language' => 'zh-CN,zh;q=0.8',
  'accept-encoding' => 'gzip, deflate',
  'referer' => 'http://tlcms.com/admin/model_field/edit.html',
  'accept' => 'text/html,application/xhtml+xml,application/xml;q=0.9,image/webp,image/apng,*/*;q=0.8',
  'user-agent' => 'Mozilla/5.0 (Windows NT 6.1; Win64; x64) AppleWebKit/537.36 (KHTML, like Gecko) Chrome/61.0.3163.100 Safari/537.36',
  'upgrade-insecure-requests' => '1',
  'connection' => 'close',
  'host' => 'tlcms.com',
)
[ info ] [ PARAM ] array (
  'model_id' => '11',
)
[ info ] [ DB ] INIT mysql
[ info ] [ SESSION ] INIT array (
  'id' => '',
  'var_session_id' => '',
  'prefix' => 'think',
  'type' => '',
  'auto_start' => true,
  'expire' => 3600,
)
[ info ] [ RUN ] app\admin\controller\ModelField->lst[ D:\phpStudy\WWW\TLCMS\application\admin\controller\ModelField.php ]
[ info ] [ VIEW ] D:\phpStudy\WWW\TLCMS\public/../application/admin\view\model_field\lst.html [ array (
  0 => 'admin_info',
  1 => 'leftMenus',
  2 => 'rule_access',
  3 => 'nongli',
  4 => 'weather',
  5 => 'title',
  6 => 'postion',
  7 => 'fields',
) ]
[ info ] [ LOG ] INIT File
---------------------------------------------------------------
[ 2018-02-08T17:11:05+08:00 ] 127.0.0.1 127.0.0.1 GET /admin/category/lst.html
[ info ] tlcms.com/admin/category/lst.html [运行时间：0.720041s][吞吐率：1.39req/s] [内存消耗：3,252.17kb] [文件加载：79]
[ info ] [ LANG ] D:\phpStudy\WWW\TLCMS\thinkphp\lang\zh-cn.php
[ info ] [ ROUTE ] array (
  'type' => 'module',
  'module' => 
  array (
    0 => 'admin',
    1 => 'category',
    2 => 'lst',
  ),
)
[ info ] [ HEADER ] array (
  'cookie' => 'thinkphp_show_page_trace=0|0; OUTFOX_SEARCH_USER_ID_NCOO=172315712.71034667; PHPSESSID=prlv43p8h8caponphoetk3bc55',
  'accept-language' => 'zh-CN,zh;q=0.8',
  'accept-encoding' => 'gzip, deflate',
  'referer' => 'http://tlcms.com/admin/model_field/lst/model_id/11.html',
  'accept' => 'text/html,application/xhtml+xml,application/xml;q=0.9,image/webp,image/apng,*/*;q=0.8',
  'user-agent' => 'Mozilla/5.0 (Windows NT 6.1; Win64; x64) AppleWebKit/537.36 (KHTML, like Gecko) Chrome/61.0.3163.100 Safari/537.36',
  'upgrade-insecure-requests' => '1',
  'connection' => 'close',
  'host' => 'tlcms.com',
)
[ info ] [ PARAM ] array (
)
[ info ] [ DB ] INIT mysql
[ info ] [ SESSION ] INIT array (
  'id' => '',
  'var_session_id' => '',
  'prefix' => 'think',
  'type' => '',
  'auto_start' => true,
  'expire' => 3600,
)
[ info ] [ RUN ] app\admin\controller\Category->lst[ D:\phpStudy\WWW\TLCMS\application\admin\controller\Category.php ]
[ info ] [ VIEW ] D:\phpStudy\WWW\TLCMS\public/../application/admin\view\category\lst.html [ array (
  0 => 'admin_info',
  1 => 'leftMenus',
  2 => 'rule_access',
  3 => 'nongli',
  4 => 'weather',
  5 => 'title',
  6 => 'postion',
  7 => 'categorys',
  8 => 'model',
) ]
[ info ] [ LOG ] INIT File
---------------------------------------------------------------
[ 2018-02-08T17:11:08+08:00 ] 127.0.0.1 127.0.0.1 GET /admin/article/lst/category_id/5.html
[ info ] tlcms.com/admin/article/lst/category_id/5.html [运行时间：0.600034s][吞吐率：1.67req/s] [内存消耗：3,354.34kb] [文件加载：82]
[ info ] [ LANG ] D:\phpStudy\WWW\TLCMS\thinkphp\lang\zh-cn.php
[ info ] [ ROUTE ] array (
  'type' => 'module',
  'module' => 
  array (
    0 => 'admin',
    1 => 'article',
    2 => 'lst',
  ),
)
[ info ] [ HEADER ] array (
  'cookie' => 'thinkphp_show_page_trace=0|0; thinkphp_show_page_trace=0|0; OUTFOX_SEARCH_USER_ID_NCOO=172315712.71034667; PHPSESSID=prlv43p8h8caponphoetk3bc55',
  'accept-language' => 'zh-CN,zh;q=0.8',
  'accept-encoding' => 'gzip, deflate',
  'referer' => 'http://tlcms.com/admin/category/lst.html',
  'accept' => 'text/html,application/xhtml+xml,application/xml;q=0.9,image/webp,image/apng,*/*;q=0.8',
  'user-agent' => 'Mozilla/5.0 (Windows NT 6.1; Win64; x64) AppleWebKit/537.36 (KHTML, like Gecko) Chrome/61.0.3163.100 Safari/537.36',
  'upgrade-insecure-requests' => '1',
  'connection' => 'close',
  'host' => 'tlcms.com',
)
[ info ] [ PARAM ] array (
  'category_id' => '5',
)
[ info ] [ DB ] INIT mysql
[ info ] [ SESSION ] INIT array (
  'id' => '',
  'var_session_id' => '',
  'prefix' => 'think',
  'type' => '',
  'auto_start' => true,
  'expire' => 3600,
)
[ info ] [ RUN ] app\admin\controller\Article->lst[ D:\phpStudy\WWW\TLCMS\application\admin\controller\Article.php ]
[ info ] [ VIEW ] D:\phpStudy\WWW\TLCMS\public/../application/admin\view\article\lst.html [ array (
  0 => 'admin_info',
  1 => 'leftMenus',
  2 => 'rule_access',
  3 => 'nongli',
  4 => 'weather',
  5 => 'title',
  6 => 'postion',
  7 => 'articles',
) ]
[ info ] [ LOG ] INIT File
---------------------------------------------------------------
[ 2018-02-08T17:11:10+08:00 ] 127.0.0.1 127.0.0.1 GET /admin/article/add/category_id/5.html
[ info ] tlcms.com/admin/article/add/category_id/5.html [运行时间：0.685039s][吞吐率：1.46req/s] [内存消耗：3,426.88kb] [文件加载：82]
[ info ] [ LANG ] D:\phpStudy\WWW\TLCMS\thinkphp\lang\zh-cn.php
[ info ] [ ROUTE ] array (
  'type' => 'module',
  'module' => 
  array (
    0 => 'admin',
    1 => 'article',
    2 => 'add',
  ),
)
[ info ] [ HEADER ] array (
  'cookie' => 'thinkphp_show_page_trace=0|0; thinkphp_show_page_trace=0|0; OUTFOX_SEARCH_USER_ID_NCOO=172315712.71034667; PHPSESSID=prlv43p8h8caponphoetk3bc55',
  'accept-language' => 'zh-CN,zh;q=0.8',
  'accept-encoding' => 'gzip, deflate',
  'referer' => 'http://tlcms.com/admin/article/lst/category_id/5.html',
  'accept' => 'text/html,application/xhtml+xml,application/xml;q=0.9,image/webp,image/apng,*/*;q=0.8',
  'user-agent' => 'Mozilla/5.0 (Windows NT 6.1; Win64; x64) AppleWebKit/537.36 (KHTML, like Gecko) Chrome/61.0.3163.100 Safari/537.36',
  'upgrade-insecure-requests' => '1',
  'connection' => 'close',
  'host' => 'tlcms.com',
)
[ info ] [ PARAM ] array (
  'category_id' => '5',
)
[ info ] [ DB ] INIT mysql
[ info ] [ SESSION ] INIT array (
  'id' => '',
  'var_session_id' => '',
  'prefix' => 'think',
  'type' => '',
  'auto_start' => true,
  'expire' => 3600,
)
[ info ] [ RUN ] app\admin\controller\Article->add[ D:\phpStudy\WWW\TLCMS\application\admin\controller\Article.php ]
[ info ] [ VIEW ] D:\phpStudy\WWW\TLCMS\public/../application/admin\view\article\add.html [ array (
  0 => 'admin_info',
  1 => 'leftMenus',
  2 => 'rule_access',
  3 => 'nongli',
  4 => 'weather',
  5 => 'title',
  6 => 'postion',
  7 => 'fields',
  8 => 'model',
  9 => 'categorys',
) ]
[ info ] [ LOG ] INIT File
---------------------------------------------------------------
[ 2018-02-08T17:12:32+08:00 ] 127.0.0.1 127.0.0.1 GET /admin/model/lst.html
[ info ] tlcms.com/admin/model/lst.html [运行时间：0.642037s][吞吐率：1.56req/s] [内存消耗：3,129.27kb] [文件加载：79]
[ info ] [ LANG ] D:\phpStudy\WWW\TLCMS\thinkphp\lang\zh-cn.php
[ info ] [ ROUTE ] array (
  'type' => 'module',
  'module' => 
  array (
    0 => 'admin',
    1 => 'model',
    2 => 'lst',
  ),
)
[ info ] [ HEADER ] array (
  'cookie' => 'thinkphp_show_page_trace=0|0; OUTFOX_SEARCH_USER_ID_NCOO=172315712.71034667; PHPSESSID=prlv43p8h8caponphoetk3bc55',
  'accept-language' => 'zh-CN,zh;q=0.8',
  'accept-encoding' => 'gzip, deflate',
  'referer' => 'http://tlcms.com/admin/article/add/category_id/5.html',
  'accept' => 'text/html,application/xhtml+xml,application/xml;q=0.9,image/webp,image/apng,*/*;q=0.8',
  'user-agent' => 'Mozilla/5.0 (Windows NT 6.1; Win64; x64) AppleWebKit/537.36 (KHTML, like Gecko) Chrome/61.0.3163.100 Safari/537.36',
  'upgrade-insecure-requests' => '1',
  'connection' => 'close',
  'host' => 'tlcms.com',
)
[ info ] [ PARAM ] array (
)
[ info ] [ DB ] INIT mysql
[ info ] [ SESSION ] INIT array (
  'id' => '',
  'var_session_id' => '',
  'prefix' => 'think',
  'type' => '',
  'auto_start' => true,
  'expire' => 3600,
)
[ info ] [ RUN ] app\admin\controller\Model->lst[ D:\phpStudy\WWW\TLCMS\application\admin\controller\Model.php ]
[ info ] [ VIEW ] D:\phpStudy\WWW\TLCMS\public/../application/admin\view\model\lst.html [ array (
  0 => 'admin_info',
  1 => 'leftMenus',
  2 => 'rule_access',
  3 => 'nongli',
  4 => 'weather',
  5 => 'title',
  6 => 'postion',
  7 => 'models',
) ]
[ info ] [ LOG ] INIT File
---------------------------------------------------------------
[ 2018-02-08T17:12:34+08:00 ] 127.0.0.1 127.0.0.1 GET /admin/model/edit/id/11.html
[ info ] tlcms.com/admin/model/edit/id/11.html [运行时间：0.663038s][吞吐率：1.51req/s] [内存消耗：3,093.53kb] [文件加载：77]
[ info ] [ LANG ] D:\phpStudy\WWW\TLCMS\thinkphp\lang\zh-cn.php
[ info ] [ ROUTE ] array (
  'type' => 'module',
  'module' => 
  array (
    0 => 'admin',
    1 => 'model',
    2 => 'edit',
  ),
)
[ info ] [ HEADER ] array (
  'cookie' => 'thinkphp_show_page_trace=0|0; thinkphp_show_page_trace=0|0; OUTFOX_SEARCH_USER_ID_NCOO=172315712.71034667; PHPSESSID=prlv43p8h8caponphoetk3bc55',
  'accept-language' => 'zh-CN,zh;q=0.8',
  'accept-encoding' => 'gzip, deflate',
  'referer' => 'http://tlcms.com/admin/model/lst.html',
  'accept' => 'text/html,application/xhtml+xml,application/xml;q=0.9,image/webp,image/apng,*/*;q=0.8',
  'user-agent' => 'Mozilla/5.0 (Windows NT 6.1; Win64; x64) AppleWebKit/537.36 (KHTML, like Gecko) Chrome/61.0.3163.100 Safari/537.36',
  'upgrade-insecure-requests' => '1',
  'connection' => 'close',
  'host' => 'tlcms.com',
)
[ info ] [ PARAM ] array (
  'id' => '11',
)
[ info ] [ DB ] INIT mysql
[ info ] [ SESSION ] INIT array (
  'id' => '',
  'var_session_id' => '',
  'prefix' => 'think',
  'type' => '',
  'auto_start' => true,
  'expire' => 3600,
)
[ info ] [ RUN ] app\admin\controller\Model->edit[ D:\phpStudy\WWW\TLCMS\application\admin\controller\Model.php ]
[ info ] [ VIEW ] D:\phpStudy\WWW\TLCMS\public/../application/admin\view\model\edit.html [ array (
  0 => 'admin_info',
  1 => 'leftMenus',
  2 => 'rule_access',
  3 => 'nongli',
  4 => 'weather',
  5 => 'title',
  6 => 'postion',
  7 => 'model',
  8 => 'fields',
) ]
[ info ] [ LOG ] INIT File
---------------------------------------------------------------
[ 2018-02-08T17:12:47+08:00 ] 127.0.0.1 127.0.0.1 GET /Admin/model_field/lst/model_id/11.html
[ info ] tlcms.com/Admin/model_field/lst/model_id/11.html [运行时间：0.520029s][吞吐率：1.92req/s] [内存消耗：3,094.14kb] [文件加载：77]
[ info ] [ LANG ] D:\phpStudy\WWW\TLCMS\thinkphp\lang\zh-cn.php
[ info ] [ ROUTE ] array (
  'type' => 'module',
  'module' => 
  array (
    0 => 'Admin',
    1 => 'model_field',
    2 => 'lst',
  ),
)
[ info ] [ HEADER ] array (
  'cookie' => 'thinkphp_show_page_trace=0|0; OUTFOX_SEARCH_USER_ID_NCOO=172315712.71034667; PHPSESSID=prlv43p8h8caponphoetk3bc55',
  'accept-language' => 'zh-CN,zh;q=0.8',
  'accept-encoding' => 'gzip, deflate',
  'referer' => 'http://tlcms.com/admin/model/edit/id/11.html',
  'accept' => 'text/html,application/xhtml+xml,application/xml;q=0.9,image/webp,image/apng,*/*;q=0.8',
  'user-agent' => 'Mozilla/5.0 (Windows NT 6.1; Win64; x64) AppleWebKit/537.36 (KHTML, like Gecko) Chrome/61.0.3163.100 Safari/537.36',
  'upgrade-insecure-requests' => '1',
  'connection' => 'close',
  'host' => 'tlcms.com',
)
[ info ] [ PARAM ] array (
  'model_id' => '11',
)
[ info ] [ DB ] INIT mysql
[ info ] [ SESSION ] INIT array (
  'id' => '',
  'var_session_id' => '',
  'prefix' => 'think',
  'type' => '',
  'auto_start' => true,
  'expire' => 3600,
)
[ info ] [ RUN ] app\admin\controller\ModelField->lst[ D:\phpStudy\WWW\TLCMS\application\admin\controller\ModelField.php ]
[ info ] [ VIEW ] D:\phpStudy\WWW\TLCMS\public/../application/admin\view\model_field\lst.html [ array (
  0 => 'admin_info',
  1 => 'leftMenus',
  2 => 'rule_access',
  3 => 'nongli',
  4 => 'weather',
  5 => 'title',
  6 => 'postion',
  7 => 'fields',
) ]
[ info ] [ LOG ] INIT File
---------------------------------------------------------------
[ 2018-02-08T17:12:58+08:00 ] 127.0.0.1 127.0.0.1 GET /admin/model/edit/id/11.html
[ info ] tlcms.com/admin/model/edit/id/11.html [运行时间：0.488028s][吞吐率：2.05req/s] [内存消耗：3,093.53kb] [文件加载：77]
[ info ] [ LANG ] D:\phpStudy\WWW\TLCMS\thinkphp\lang\zh-cn.php
[ info ] [ ROUTE ] array (
  'type' => 'module',
  'module' => 
  array (
    0 => 'admin',
    1 => 'model',
    2 => 'edit',
  ),
)
[ info ] [ HEADER ] array (
  'cookie' => 'thinkphp_show_page_trace=0|0; thinkphp_show_page_trace=0|0; OUTFOX_SEARCH_USER_ID_NCOO=172315712.71034667; PHPSESSID=prlv43p8h8caponphoetk3bc55',
  'accept-language' => 'zh-CN,zh;q=0.8',
  'accept-encoding' => 'gzip, deflate',
  'referer' => 'http://tlcms.com/admin/model/lst.html',
  'accept' => 'text/html,application/xhtml+xml,application/xml;q=0.9,image/webp,image/apng,*/*;q=0.8',
  'upgrade-insecure-requests' => '1',
  'user-agent' => 'Mozilla/5.0 (Windows NT 6.1; Win64; x64) AppleWebKit/537.36 (KHTML, like Gecko) Chrome/61.0.3163.100 Safari/537.36',
  'connection' => 'close',
  'host' => 'tlcms.com',
)
[ info ] [ PARAM ] array (
  'id' => '11',
)
[ info ] [ DB ] INIT mysql
[ info ] [ SESSION ] INIT array (
  'id' => '',
  'var_session_id' => '',
  'prefix' => 'think',
  'type' => '',
  'auto_start' => true,
  'expire' => 3600,
)
[ info ] [ RUN ] app\admin\controller\Model->edit[ D:\phpStudy\WWW\TLCMS\application\admin\controller\Model.php ]
[ info ] [ VIEW ] D:\phpStudy\WWW\TLCMS\public/../application/admin\view\model\edit.html [ array (
  0 => 'admin_info',
  1 => 'leftMenus',
  2 => 'rule_access',
  3 => 'nongli',
  4 => 'weather',
  5 => 'title',
  6 => 'postion',
  7 => 'model',
  8 => 'fields',
) ]
[ info ] [ LOG ] INIT File
